2023-04-14 13:58:31,378 - [basepage.py-->line:82] - INFO: 输入框--【None】--输入元素成功
2023-04-14 13:58:31,488 - [basepage.py-->line:82] - INFO: 输入框--【None】--输入元素成功
2023-04-14 13:58:31,499 - [basepage.py-->line:46] - INFO: 查找元素--【登录页面登录按钮】--成功
2023-04-14 13:58:42,252 - [basepage.py-->line:82] - INFO: 输入框--【None】--输入元素成功
2023-04-14 13:58:42,369 - [basepage.py-->line:82] - INFO: 输入框--【None】--输入元素成功
2023-04-14 13:58:42,381 - [basepage.py-->line:46] - INFO: 查找元素--【登录页面登录按钮】--成功
2023-04-14 13:58:47,416 - [basepage.py-->line:112] - ERROR: 获取元素--【登录页面获取页面错误信息】--文本失败
2023-04-14 13:58:47,416 - [basepage.py-->line:113] - ERROR: Message: no such element: Unable to locate element: {"method":"xpath","selector":"//div[@class="el-form-item__error"]"}
  (Session info: chrome=112.0.5615.50)
Traceback (most recent call last):
  File "C:\Users\siyaowu\Desktop\pythonproject\py35_webtest\page\basepage.py", line 110, in get_element_text
    res = self.driver.find_element(*loc).text()
  File "F:\Program\python3.7\lib\site-packages\selenium\webdriver\remote\webdriver.py", line 978, in find_element
    'value': value})['value']
  File "F:\Program\python3.7\lib\site-packages\selenium\webdriver\remote\webdriver.py", line 321, in execute
    self.error_handler.check_response(response)
  File "F:\Program\python3.7\lib\site-packages\selenium\webdriver\remote\errorhandler.py", line 242, in check_response
    raise exception_class(message, screen, stacktrace)
selenium.common.exceptions.NoSuchElementException: Message: no such element: Unable to locate element: {"method":"xpath","selector":"//div[@class="el-form-item__error"]"}
  (Session info: chrome=112.0.5615.50)

2023-04-14 13:58:47,939 - [basepage.py-->line:239] - INFO: 对--【登录页面获取页面错误信息】--截图成功
2023-04-14 13:58:53,476 - [basepage.py-->line:82] - INFO: 输入框--【None】--输入元素成功
2023-04-14 13:58:53,604 - [basepage.py-->line:82] - INFO: 输入框--【None】--输入元素成功
2023-04-14 13:58:53,616 - [basepage.py-->line:46] - INFO: 查找元素--【登录页面登录按钮】--成功
2023-04-14 13:58:54,486 - [basepage.py-->line:155] - INFO: 等待元素可见--【登录页面获取弹窗错误信息】--成功
2023-04-14 13:59:00,215 - [basepage.py-->line:82] - INFO: 输入框--【None】--输入元素成功
2023-04-14 13:59:00,351 - [basepage.py-->line:82] - INFO: 输入框--【None】--输入元素成功
2023-04-14 13:59:00,362 - [basepage.py-->line:46] - INFO: 查找元素--【登录页面登录按钮】--成功
2023-04-14 13:59:00,817 - [basepage.py-->line:155] - INFO: 等待元素可见--【登录页面获取弹窗错误信息】--成功
2023-04-14 13:59:07,081 - [basepage.py-->line:82] - INFO: 输入框--【None】--输入元素成功
2023-04-14 13:59:07,221 - [basepage.py-->line:82] - INFO: 输入框--【None】--输入元素成功
2023-04-14 13:59:07,238 - [basepage.py-->line:46] - INFO: 查找元素--【登录页面登录按钮】--成功
2023-04-14 13:59:08,059 - [basepage.py-->line:155] - INFO: 等待元素可见--【登录页面获取弹窗错误信息】--成功
2023-04-14 14:00:35,487 - [basepage.py-->line:82] - INFO: 输入框--【登录页面账号输入框】--输入元素成功
2023-04-14 14:00:35,594 - [basepage.py-->line:82] - INFO: 输入框--【登录页面密码输入框】--输入元素成功
2023-04-14 14:00:35,606 - [basepage.py-->line:46] - INFO: 查找元素--【登录页面登录按钮】--成功
2023-04-14 14:00:41,736 - [basepage.py-->line:82] - INFO: 输入框--【登录页面账号输入框】--输入元素成功
2023-04-14 14:00:41,793 - [basepage.py-->line:82] - INFO: 输入框--【登录页面密码输入框】--输入元素成功
2023-04-14 14:00:41,805 - [basepage.py-->line:46] - INFO: 查找元素--【登录页面登录按钮】--成功
2023-04-14 14:00:42,211 - [basepage.py-->line:112] - ERROR: 获取元素--【登录页面获取页面错误信息】--文本失败
2023-04-14 14:00:42,211 - [basepage.py-->line:113] - ERROR: 'str' object is not callable
Traceback (most recent call last):
  File "C:\Users\siyaowu\Desktop\pythonproject\py35_webtest\page\basepage.py", line 110, in get_element_text
    res = self.driver.find_element(*loc).text()
TypeError: 'str' object is not callable
2023-04-14 14:00:42,376 - [basepage.py-->line:239] - INFO: 对--【登录页面获取页面错误信息】--截图成功
2023-04-14 14:00:48,227 - [basepage.py-->line:82] - INFO: 输入框--【登录页面账号输入框】--输入元素成功
2023-04-14 14:00:48,338 - [basepage.py-->line:82] - INFO: 输入框--【登录页面密码输入框】--输入元素成功
2023-04-14 14:00:48,350 - [basepage.py-->line:46] - INFO: 查找元素--【登录页面登录按钮】--成功
2023-04-14 14:00:49,181 - [basepage.py-->line:155] - INFO: 等待元素可见--【登录页面获取弹窗错误信息】--成功
2023-04-14 14:00:54,537 - [basepage.py-->line:82] - INFO: 输入框--【登录页面账号输入框】--输入元素成功
2023-04-14 14:00:54,637 - [basepage.py-->line:82] - INFO: 输入框--【登录页面密码输入框】--输入元素成功
2023-04-14 14:00:54,648 - [basepage.py-->line:46] - INFO: 查找元素--【登录页面登录按钮】--成功
2023-04-14 14:00:54,940 - [basepage.py-->line:155] - INFO: 等待元素可见--【登录页面获取弹窗错误信息】--成功
2023-04-14 14:01:00,466 - [basepage.py-->line:82] - INFO: 输入框--【登录页面账号输入框】--输入元素成功
2023-04-14 14:01:00,641 - [basepage.py-->line:82] - INFO: 输入框--【登录页面密码输入框】--输入元素成功
2023-04-14 14:01:00,652 - [basepage.py-->line:46] - INFO: 查找元素--【登录页面登录按钮】--成功
2023-04-14 14:01:00,938 - [basepage.py-->line:155] - INFO: 等待元素可见--【登录页面获取弹窗错误信息】--成功
2023-04-14 14:02:20,351 - [basepage.py-->line:82] - INFO: 输入框--【登录页面账号输入框】--输入元素成功
2023-04-14 14:02:20,471 - [basepage.py-->line:82] - INFO: 输入框--【登录页面密码输入框】--输入元素成功
2023-04-14 14:02:20,482 - [basepage.py-->line:46] - INFO: 查找元素--【登录页面登录按钮】--成功
2023-04-14 14:02:26,668 - [basepage.py-->line:82] - INFO: 输入框--【登录页面账号输入框】--输入元素成功
2023-04-14 14:02:26,729 - [basepage.py-->line:82] - INFO: 输入框--【登录页面密码输入框】--输入元素成功
2023-04-14 14:02:26,742 - [basepage.py-->line:46] - INFO: 查找元素--【登录页面登录按钮】--成功
2023-04-14 14:02:27,098 - [basepage.py-->line:117] - INFO: 获取元素--【登录页面获取页面错误信息】--文本成功
2023-04-14 14:02:32,636 - [basepage.py-->line:82] - INFO: 输入框--【登录页面账号输入框】--输入元素成功
2023-04-14 14:02:32,755 - [basepage.py-->line:82] - INFO: 输入框--【登录页面密码输入框】--输入元素成功
2023-04-14 14:02:32,766 - [basepage.py-->line:46] - INFO: 查找元素--【登录页面登录按钮】--成功
2023-04-14 14:02:33,111 - [basepage.py-->line:155] - INFO: 等待元素可见--【登录页面获取弹窗错误信息】--成功
2023-04-14 14:02:39,876 - [basepage.py-->line:82] - INFO: 输入框--【登录页面账号输入框】--输入元素成功
2023-04-14 14:02:39,973 - [basepage.py-->line:82] - INFO: 输入框--【登录页面密码输入框】--输入元素成功
2023-04-14 14:02:39,985 - [basepage.py-->line:46] - INFO: 查找元素--【登录页面登录按钮】--成功
2023-04-14 14:02:40,278 - [basepage.py-->line:155] - INFO: 等待元素可见--【登录页面获取弹窗错误信息】--成功
2023-04-14 14:02:45,646 - [basepage.py-->line:82] - INFO: 输入框--【登录页面账号输入框】--输入元素成功
2023-04-14 14:02:45,823 - [basepage.py-->line:82] - INFO: 输入框--【登录页面密码输入框】--输入元素成功
2023-04-14 14:02:45,834 - [basepage.py-->line:46] - INFO: 查找元素--【登录页面登录按钮】--成功
2023-04-14 14:02:46,647 - [basepage.py-->line:155] - INFO: 等待元素可见--【登录页面获取弹窗错误信息】--成功
2023-04-14 14:05:28,612 - [basepage.py-->line:82] - INFO: 输入框--【登录页面账号输入框】--输入元素成功
2023-04-14 14:05:28,722 - [basepage.py-->line:82] - INFO: 输入框--【登录页面密码输入框】--输入元素成功
2023-04-14 14:05:28,732 - [basepage.py-->line:46] - INFO: 查找元素--【登录页面登录按钮】--成功
2023-04-14 14:05:34,895 - [basepage.py-->line:82] - INFO: 输入框--【登录页面账号输入框】--输入元素成功
2023-04-14 14:05:34,957 - [basepage.py-->line:82] - INFO: 输入框--【登录页面密码输入框】--输入元素成功
2023-04-14 14:05:34,970 - [basepage.py-->line:46] - INFO: 查找元素--【登录页面登录按钮】--成功
2023-04-14 14:05:35,378 - [basepage.py-->line:117] - INFO: 获取元素--【登录页面获取页面错误信息】--文本成功
2023-04-14 14:05:40,858 - [basepage.py-->line:82] - INFO: 输入框--【登录页面账号输入框】--输入元素成功
2023-04-14 14:05:40,964 - [basepage.py-->line:82] - INFO: 输入框--【登录页面密码输入框】--输入元素成功
2023-04-14 14:05:40,975 - [basepage.py-->line:46] - INFO: 查找元素--【登录页面登录按钮】--成功
2023-04-14 14:05:41,799 - [basepage.py-->line:155] - INFO: 等待元素可见--【登录页面获取弹窗错误信息】--成功
2023-04-14 14:05:48,545 - [basepage.py-->line:82] - INFO: 输入框--【登录页面账号输入框】--输入元素成功
2023-04-14 14:05:48,634 - [basepage.py-->line:82] - INFO: 输入框--【登录页面密码输入框】--输入元素成功
2023-04-14 14:05:48,646 - [basepage.py-->line:46] - INFO: 查找元素--【登录页面登录按钮】--成功
2023-04-14 14:05:49,540 - [basepage.py-->line:155] - INFO: 等待元素可见--【登录页面获取弹窗错误信息】--成功
2023-04-14 14:05:54,811 - [basepage.py-->line:82] - INFO: 输入框--【登录页面账号输入框】--输入元素成功
2023-04-14 14:05:54,986 - [basepage.py-->line:82] - INFO: 输入框--【登录页面密码输入框】--输入元素成功
2023-04-14 14:05:54,996 - [basepage.py-->line:46] - INFO: 查找元素--【登录页面登录按钮】--成功
2023-04-14 14:05:55,286 - [basepage.py-->line:155] - INFO: 等待元素可见--【登录页面获取弹窗错误信息】--成功
2023-04-14 14:08:29,858 - [basepage.py-->line:82] - INFO: 输入框--【登录页面账号输入框】--输入元素成功
2023-04-14 14:08:29,973 - [basepage.py-->line:82] - INFO: 输入框--【登录页面密码输入框】--输入元素成功
2023-04-14 14:08:29,983 - [basepage.py-->line:46] - INFO: 查找元素--【登录页面登录按钮】--成功
2023-04-14 14:08:36,363 - [basepage.py-->line:82] - INFO: 输入框--【登录页面账号输入框】--输入元素成功
2023-04-14 14:08:36,425 - [basepage.py-->line:82] - INFO: 输入框--【登录页面密码输入框】--输入元素成功
2023-04-14 14:08:36,437 - [basepage.py-->line:46] - INFO: 查找元素--【登录页面登录按钮】--成功
2023-04-14 14:08:36,847 - [basepage.py-->line:117] - INFO: 获取元素--【登录页面获取页面错误信息】--文本成功
2023-04-14 14:08:42,085 - [basepage.py-->line:82] - INFO: 输入框--【登录页面账号输入框】--输入元素成功
2023-04-14 14:08:42,207 - [basepage.py-->line:82] - INFO: 输入框--【登录页面密码输入框】--输入元素成功
2023-04-14 14:08:42,223 - [basepage.py-->line:46] - INFO: 查找元素--【登录页面登录按钮】--成功
2023-04-14 14:08:42,573 - [basepage.py-->line:155] - INFO: 等待元素可见--【登录页面获取弹窗错误信息】--成功
2023-04-14 14:08:42,595 - [basepage.py-->line:117] - INFO: 获取元素--【None】--文本成功
2023-04-14 14:08:47,983 - [basepage.py-->line:82] - INFO: 输入框--【登录页面账号输入框】--输入元素成功
2023-04-14 14:08:48,068 - [basepage.py-->line:82] - INFO: 输入框--【登录页面密码输入框】--输入元素成功
2023-04-14 14:08:48,079 - [basepage.py-->line:46] - INFO: 查找元素--【登录页面登录按钮】--成功
2023-04-14 14:08:48,896 - [basepage.py-->line:155] - INFO: 等待元素可见--【登录页面获取弹窗错误信息】--成功
2023-04-14 14:08:48,919 - [basepage.py-->line:117] - INFO: 获取元素--【None】--文本成功
2023-04-14 14:08:54,686 - [basepage.py-->line:82] - INFO: 输入框--【登录页面账号输入框】--输入元素成功
2023-04-14 14:08:54,866 - [basepage.py-->line:82] - INFO: 输入框--【登录页面密码输入框】--输入元素成功
2023-04-14 14:08:54,879 - [basepage.py-->line:46] - INFO: 查找元素--【登录页面登录按钮】--成功
2023-04-14 14:08:55,166 - [basepage.py-->line:155] - INFO: 等待元素可见--【登录页面获取弹窗错误信息】--成功
2023-04-14 14:08:55,187 - [basepage.py-->line:117] - INFO: 获取元素--【None】--文本成功
2023-04-14 14:09:24,689 - [basepage.py-->line:82] - INFO: 输入框--【登录页面账号输入框】--输入元素成功
2023-04-14 14:09:24,794 - [basepage.py-->line:82] - INFO: 输入框--【登录页面密码输入框】--输入元素成功
2023-04-14 14:09:24,808 - [basepage.py-->line:46] - INFO: 查找元素--【登录页面登录按钮】--成功
2023-04-14 14:09:31,165 - [basepage.py-->line:82] - INFO: 输入框--【登录页面账号输入框】--输入元素成功
2023-04-14 14:09:31,221 - [basepage.py-->line:82] - INFO: 输入框--【登录页面密码输入框】--输入元素成功
2023-04-14 14:09:31,240 - [basepage.py-->line:46] - INFO: 查找元素--【登录页面登录按钮】--成功
2023-04-14 14:09:31,597 - [basepage.py-->line:117] - INFO: 获取元素--【登录页面获取页面错误信息】--文本成功
2023-04-14 14:09:37,073 - [basepage.py-->line:82] - INFO: 输入框--【登录页面账号输入框】--输入元素成功
2023-04-14 14:09:37,233 - [basepage.py-->line:82] - INFO: 输入框--【登录页面密码输入框】--输入元素成功
2023-04-14 14:09:37,247 - [basepage.py-->line:46] - INFO: 查找元素--【登录页面登录按钮】--成功
2023-04-14 14:09:37,599 - [basepage.py-->line:155] - INFO: 等待元素可见--【登录页面获取弹窗错误信息】--成功
2023-04-14 14:09:37,620 - [basepage.py-->line:117] - INFO: 获取元素--【None】--文本成功
2023-04-14 14:09:42,912 - [basepage.py-->line:82] - INFO: 输入框--【登录页面账号输入框】--输入元素成功
2023-04-14 14:09:42,999 - [basepage.py-->line:82] - INFO: 输入框--【登录页面密码输入框】--输入元素成功
2023-04-14 14:09:43,010 - [basepage.py-->line:46] - INFO: 查找元素--【登录页面登录按钮】--成功
2023-04-14 14:09:43,836 - [basepage.py-->line:155] - INFO: 等待元素可见--【登录页面获取弹窗错误信息】--成功
2023-04-14 14:09:43,859 - [basepage.py-->line:117] - INFO: 获取元素--【None】--文本成功
2023-04-14 14:09:49,331 - [basepage.py-->line:82] - INFO: 输入框--【登录页面账号输入框】--输入元素成功
2023-04-14 14:09:49,526 - [basepage.py-->line:82] - INFO: 输入框--【登录页面密码输入框】--输入元素成功
2023-04-14 14:09:49,539 - [basepage.py-->line:46] - INFO: 查找元素--【登录页面登录按钮】--成功
2023-04-14 14:09:49,833 - [basepage.py-->line:155] - INFO: 等待元素可见--【登录页面获取弹窗错误信息】--成功
2023-04-14 14:09:49,855 - [basepage.py-->line:117] - INFO: 获取元素--【None】--文本成功
2023-04-14 14:40:56,948 - [basepage.py-->line:82] - INFO: 输入框--【登录页面账号输入框】--输入元素成功
2023-04-14 14:40:57,148 - [basepage.py-->line:82] - INFO: 输入框--【登录页面密码输入框】--输入元素成功
2023-04-14 14:40:57,159 - [basepage.py-->line:46] - INFO: 查找元素--【登录页面登录按钮】--成功
2023-04-14 14:41:11,107 - [basepage.py-->line:82] - INFO: 输入框--【登录页面账号输入框】--输入元素成功
2023-04-14 14:41:11,220 - [basepage.py-->line:82] - INFO: 输入框--【登录页面密码输入框】--输入元素成功
2023-04-14 14:41:11,234 - [basepage.py-->line:46] - INFO: 查找元素--【登录页面登录按钮】--成功
2023-04-14 14:41:17,522 - [basepage.py-->line:82] - INFO: 输入框--【登录页面账号输入框】--输入元素成功
2023-04-14 14:41:17,581 - [basepage.py-->line:82] - INFO: 输入框--【登录页面密码输入框】--输入元素成功
2023-04-14 14:41:17,599 - [basepage.py-->line:46] - INFO: 查找元素--【登录页面登录按钮】--成功
2023-04-14 14:41:17,957 - [basepage.py-->line:117] - INFO: 获取元素--【登录页面获取页面错误信息】--文本成功
2023-04-14 14:41:23,633 - [basepage.py-->line:82] - INFO: 输入框--【登录页面账号输入框】--输入元素成功
2023-04-14 14:41:23,746 - [basepage.py-->line:82] - INFO: 输入框--【登录页面密码输入框】--输入元素成功
2023-04-14 14:41:23,759 - [basepage.py-->line:46] - INFO: 查找元素--【登录页面登录按钮】--成功
2023-04-14 14:41:24,115 - [basepage.py-->line:155] - INFO: 等待元素可见--【登录页面获取弹窗错误信息】--成功
2023-04-14 14:41:24,138 - [basepage.py-->line:117] - INFO: 获取元素--【None】--文本成功
2023-04-14 14:41:29,607 - [basepage.py-->line:82] - INFO: 输入框--【登录页面账号输入框】--输入元素成功
2023-04-14 14:41:29,700 - [basepage.py-->line:82] - INFO: 输入框--【登录页面密码输入框】--输入元素成功
2023-04-14 14:41:29,711 - [basepage.py-->line:46] - INFO: 查找元素--【登录页面登录按钮】--成功
2023-04-14 14:41:30,060 - [basepage.py-->line:155] - INFO: 等待元素可见--【登录页面获取弹窗错误信息】--成功
2023-04-14 14:41:30,087 - [basepage.py-->line:117] - INFO: 获取元素--【None】--文本成功
2023-04-14 14:41:35,574 - [basepage.py-->line:82] - INFO: 输入框--【登录页面账号输入框】--输入元素成功
2023-04-14 14:41:35,764 - [basepage.py-->line:82] - INFO: 输入框--【登录页面密码输入框】--输入元素成功
2023-04-14 14:41:35,775 - [basepage.py-->line:46] - INFO: 查找元素--【登录页面登录按钮】--成功
2023-04-14 14:41:36,604 - [basepage.py-->line:155] - INFO: 等待元素可见--【登录页面获取弹窗错误信息】--成功
2023-04-14 14:41:36,626 - [basepage.py-->line:117] - INFO: 获取元素--【None】--文本成功
